<?xml version="1.0" encoding="UTF-8"?>
<robot generator="Robot 7.3.2 (Python 3.12.3 on linux)" generated="2025-12-28T01:51:34.580225" rpa="false" schemaversion="5">
<suite id="s1" name="Testcase Register" source="/home/ethan-kenway/Test_Python/Register/Testcase_Register.robot">
<test id="s1-t1" name="Test Case 22 : Show Password" line="147">
<kw name="Open Register Page" owner="Keyword_Register" type="SETUP">
<kw name="Open Browser" owner="SeleniumLibrary">
<msg time="2025-12-28T01:51:34.748733" level="INFO">Opening browser 'gc' to base url 'https://automate-test.stpb-digital.com/register/'.</msg>
<arg>${url}</arg>
<arg>${brownser}</arg>
<doc>Opens a new browser instance to the optional ``url``.</doc>
<status status="PASS" start="2025-12-28T01:51:34.748337" elapsed="12.128610"/>
</kw>
<kw name="Wait Until Page Contains" owner="SeleniumLibrary">
<arg>Kru P' Beam</arg>
<doc>Waits until ``text`` appears on the current page.</doc>
<status status="PASS" start="2025-12-28T01:51:46.877323" elapsed="0.109830"/>
</kw>
<kw name="Verify Default Page" owner="Keyword_Register">
<kw name="Wait Until Location Contains" owner="SeleniumLibrary">
<arg>${url}</arg>
<arg>60s</arg>
<doc>Waits until the current URL contains ``expected``.</doc>
<status status="PASS" start="2025-12-28T01:51:46.987744" elapsed="0.005539"/>
</kw>
<kw name="Wait Until Element Is Visible" owner="SeleniumLibrary">
<arg>${locator_FirstName}</arg>
<doc>Waits until the element ``locator`` is visible.</doc>
<status status="PASS" start="2025-12-28T01:51:46.993466" elapsed="0.020185"/>
</kw>
<kw name="Wait Until Element Is Visible" owner="SeleniumLibrary">
<arg>${locator_hylink}</arg>
<doc>Waits until the element ``locator`` is visible.</doc>
<status status="PASS" start="2025-12-28T01:51:47.013827" elapsed="0.020291"/>
</kw>
<kw name="Wait Until Element Is Visible" owner="SeleniumLibrary">
<arg>${locator_LastName}</arg>
<doc>Waits until the element ``locator`` is visible.</doc>
<status status="PASS" start="2025-12-28T01:51:47.034388" elapsed="0.019459"/>
</kw>
<kw name="Wait Until Element Is Visible" owner="SeleniumLibrary">
<arg>${locator_Email}</arg>
<doc>Waits until the element ``locator`` is visible.</doc>
<status status="PASS" start="2025-12-28T01:51:47.054045" elapsed="0.022359"/>
</kw>
<kw name="Wait Until Element Is Visible" owner="SeleniumLibrary">
<arg>${locator_Password}</arg>
<doc>Waits until the element ``locator`` is visible.</doc>
<status status="PASS" start="2025-12-28T01:51:47.076627" elapsed="0.017952"/>
</kw>
<kw name="Wait Until Element Is Visible" owner="SeleniumLibrary">
<arg>${locator_MobilePhone}</arg>
<doc>Waits until the element ``locator`` is visible.</doc>
<status status="PASS" start="2025-12-28T01:51:47.094761" elapsed="0.016579"/>
</kw>
<kw name="Page Should Contain Radio Button" owner="SeleniumLibrary">
<msg time="2025-12-28T01:51:47.127795" level="INFO">Current page contains radio button 'validation-basic-radio'.</msg>
<arg>${group_Name_RadioBtn}</arg>
<arg>female</arg>
<doc>Verifies radio button ``locator`` is found from current page.</doc>
<status status="PASS" start="2025-12-28T01:51:47.111517" elapsed="0.016430"/>
</kw>
<kw name="Page Should Contain Radio Button" owner="SeleniumLibrary">
<msg time="2025-12-28T01:51:47.139110" level="INFO">Current page contains radio button 'validation-basic-radio'.</msg>
<arg>${group_Name_RadioBtn}</arg>
<arg>male</arg>
<doc>Verifies radio button ``locator`` is found from current page.</doc>
<status status="PASS" start="2025-12-28T01:51:47.128197" elapsed="0.011090"/>
</kw>
<kw name="Page Should Contain Checkbox" owner="SeleniumLibrary">
<msg time="2025-12-28T01:51:47.163908" level="INFO">Current page contains checkbox 'name=courses.SQL'.</msg>
<arg>${locator_Checkbox_Test_SQL}</arg>
<doc>Verifies checkbox ``locator`` is found from the current page.</doc>
<status status="PASS" start="2025-12-28T01:51:47.139549" elapsed="0.024537"/>
</kw>
<kw name="Page Should Contain Checkbox" owner="SeleniumLibrary">
<msg time="2025-12-28T01:51:47.196529" level="INFO">Current page contains checkbox 'name=courses.Test Manual'.</msg>
<arg>${locator_Checkbox_Test_M}</arg>
<doc>Verifies checkbox ``locator`` is found from the current page.</doc>
<status status="PASS" start="2025-12-28T01:51:47.164436" elapsed="0.032192"/>
</kw>
<kw name="Page Should Contain Checkbox" owner="SeleniumLibrary">
<msg time="2025-12-28T01:51:47.215151" level="INFO">Current page contains checkbox 'name=courses.Automate Test'.</msg>
<arg>${locator_Checkbox_Test_A1}</arg>
<doc>Verifies checkbox ``locator`` is found from the current page.</doc>
<status status="PASS" start="2025-12-28T01:51:47.196783" elapsed="0.018479"/>
</kw>
<kw name="Page Should Contain Checkbox" owner="SeleniumLibrary">
<msg time="2025-12-28T01:51:47.233020" level="INFO">Current page contains checkbox 'name=courses.Automate Test2'.</msg>
<arg>${locator_Checkbox_Test_A2}</arg>
<doc>Verifies checkbox ``locator`` is found from the current page.</doc>
<status status="PASS" start="2025-12-28T01:51:47.215424" elapsed="0.017701"/>
</kw>
<kw name="Page Should Contain Element" owner="SeleniumLibrary">
<msg time="2025-12-28T01:51:47.242651" level="INFO">Current page contains element 'xpath=//*[@id="__next"]/div[1]/div/div/div/div/div/div/form/div[8]/div'.</msg>
<arg>${locator_Selector_Nationality}</arg>
<doc>Verifies that element ``locator`` is found on the current page.</doc>
<status status="PASS" start="2025-12-28T01:51:47.233307" elapsed="0.009490"/>
</kw>
<kw name="Page Should Contain Element" owner="SeleniumLibrary">
<msg time="2025-12-28T01:51:47.255512" level="INFO">Current page contains element 'xpath=//*[@id="select-role"]'.</msg>
<arg>${locator_Selector_Role}</arg>
<doc>Verifies that element ``locator`` is found on the current page.</doc>
<status status="PASS" start="2025-12-28T01:51:47.243042" elapsed="0.012598"/>
</kw>
<kw name="Page Should Contain Element" owner="SeleniumLibrary">
<msg time="2025-12-28T01:51:47.266088" level="INFO">Current page contains element 'xpath=//*[@id="select-plan"]'.</msg>
<arg>${locator_Selector_Plan}</arg>
<doc>Verifies that element ``locator`` is found on the current page.</doc>
<status status="PASS" start="2025-12-28T01:51:47.255817" elapsed="0.010440"/>
</kw>
<kw name="Page Should Contain Element" owner="SeleniumLibrary">
<msg time="2025-12-28T01:51:47.278008" level="INFO">Current page contains element 'xpath=//*[@id="btn-sign-up"]'.</msg>
<arg>${locator_SignUp_Btn}</arg>
<doc>Verifies that element ``locator`` is found on the current page.</doc>
<status status="PASS" start="2025-12-28T01:51:47.266539" elapsed="0.011648"/>
</kw>
<status status="PASS" start="2025-12-28T01:51:46.987480" elapsed="0.290927"/>
</kw>
<arg>${url}</arg>
<status status="PASS" start="2025-12-28T01:51:34.747409" elapsed="12.531107"/>
</kw>
<kw name="Set Selenium Speed" owner="SeleniumLibrary">
<arg>1</arg>
<doc>Sets the delay that is waited after each Selenium command.</doc>
<status status="PASS" start="2025-12-28T01:51:47.278697" elapsed="0.000172"/>
</kw>
<kw name="Verify Show Password Button" owner="Keyword_Register">
<kw name="Wait Until Element Is Visible" owner="SeleniumLibrary">
<arg>${locator_button_show_password}</arg>
<doc>Waits until the element ``locator`` is visible.</doc>
<status status="PASS" start="2025-12-28T01:51:47.279317" elapsed="2.018017"/>
</kw>
<kw name="Input Password" owner="SeleniumLibrary">
<msg time="2025-12-28T01:51:49.297789" level="INFO">Typing password into text field 'id=password'.</msg>
<msg time="2025-12-28T01:51:51.352453" level="INFO">Temporally setting log level to: NONE</msg>
<arg>${locator_password}</arg>
<arg>${val_ref_password}</arg>
<doc>Types the given password into the text field identified by ``locator``.</doc>
<status status="PASS" start="2025-12-28T01:51:49.297535" elapsed="3.184896"/>
</kw>
<kw name="Click Element" owner="SeleniumLibrary">
<msg time="2025-12-28T01:51:52.482807" level="INFO">Clicking element 'id=icon-toggle-show-password'.</msg>
<arg>${locator_button_show_password}</arg>
<doc>Click the element identified by ``locator``.</doc>
<status status="PASS" start="2025-12-28T01:51:52.482617" elapsed="2.089446"/>
</kw>
<kw name="Get Data" owner="Keyword_Register">
<kw name="Get WebElement" owner="SeleniumLibrary">
<msg time="2025-12-28T01:51:55.581573" level="INFO">${element} = &lt;selenium.webdriver.remote.webelement.WebElement (session="4198b4390f58dd39e161d395f7b5e429", element="f.6BA3EA2C3819D8F5BBF6B548B19F103F.d.85FD1DCCB005B3EFD60EC421C18B30A2.e.6")&gt;</msg>
<var>${element}</var>
<arg>${locator}</arg>
<doc>Returns the first WebElement matching the given ``locator``.</doc>
<status status="PASS" start="2025-12-28T01:51:54.572745" elapsed="1.008930"/>
</kw>
<kw name="Set Variable" owner="BuiltIn">
<msg time="2025-12-28T01:51:56.589119" level="INFO">${tag} = input</msg>
<var>${tag}</var>
<arg>${element.tag_name}</arg>
<doc>Returns the given values which can then be assigned to a variables.</doc>
<status status="PASS" start="2025-12-28T01:51:55.581991" elapsed="1.007182"/>
</kw>
<kw name="Log" owner="BuiltIn">
<msg time="2025-12-28T01:51:56.589545" level="INFO">Found tag: input</msg>
<arg>Found tag: ${tag}</arg>
<doc>Logs the given message with the given level.</doc>
<status status="PASS" start="2025-12-28T01:51:56.589378" elapsed="0.000203"/>
</kw>
<kw name="Run Keyword If" owner="BuiltIn">
<kw name="Get Value" owner="SeleniumLibrary">
<arg>${locator}</arg>
<doc>Returns the value attribute of the element identified by ``locator``.</doc>
<status status="PASS" start="2025-12-28T01:51:56.589879" elapsed="2.016949"/>
</kw>
<msg time="2025-12-28T01:51:58.607005" level="INFO">${result} = xyzab1234</msg>
<var>${result}</var>
<arg>'${tag}' == 'input'</arg>
<arg>Get Value</arg>
<arg>${locator}</arg>
<arg>ELSE</arg>
<arg>Get Text</arg>
<arg>${locator}</arg>
<doc>Runs the given keyword with the given arguments, if ``condition`` is true.</doc>
<status status="PASS" start="2025-12-28T01:51:56.589674" elapsed="2.017361"/>
</kw>
<return>
<value>${result}</value>
<status status="PASS" start="2025-12-28T01:51:58.607114" elapsed="0.000071"/>
</return>
<msg time="2025-12-28T01:51:58.607339" level="INFO">${txt} = xyzab1234</msg>
<var>${txt}</var>
<arg>${locator_password}</arg>
<doc>Use 'Get Value' for tag input And other tag use 'Get Value'</doc>
<status status="PASS" start="2025-12-28T01:51:54.572364" elapsed="4.034998"/>
</kw>
<kw name="Should Be Equal As Strings" owner="BuiltIn">
<arg>${txt}</arg>
<arg>${val_ref_password}</arg>
<doc>Fails if objects are unequal after converting them to strings.</doc>
<status status="PASS" start="2025-12-28T01:51:58.607478" elapsed="0.000188"/>
</kw>
<arg>${locator_shwpass_Btn}</arg>
<arg>${locator_Password}</arg>
<arg>xyzab1234</arg>
<status status="PASS" start="2025-12-28T01:51:47.279025" elapsed="11.328690"/>
</kw>
<kw name="Close All Browsers" owner="SeleniumLibrary" type="TEARDOWN">
<doc>Closes all open browsers and resets the browser cache.</doc>
<status status="PASS" start="2025-12-28T01:51:58.607902" elapsed="1.079445"/>
</kw>
<tag>spwpass</tag>
<status status="PASS" start="2025-12-28T01:51:34.746161" elapsed="24.941445"/>
</test>
<status status="PASS" start="2025-12-28T01:51:34.581145" elapsed="25.107386"/>
</suite>
<statistics>
<total>
<stat pass="1" fail="0" skip="0">All Tests</stat>
</total>
<tag>
<stat pass="1" fail="0" skip="0">spwpass</stat>
</tag>
<suite>
<stat name="Testcase Register" id="s1" pass="1" fail="0" skip="0">Testcase Register</stat>
</suite>
</statistics>
<errors>
</errors>
</robot>
