<?xml version="1.0" encoding="UTF-8"?>
<robot generator="Robot 7.3.2 (Python 3.12.3 on linux)" generated="2026-01-02T21:41:43.268921" rpa="false" schemaversion="5">
<suite id="s1" name="Testcase Search Page" source="/home/ethan-kenway/Automate Test Practices/SearchPage/Testcase_Search_Page.robot">
<kw name="Set Selenium Speed" owner="SeleniumLibrary" type="SETUP">
<arg>0.05s</arg>
<doc>Sets the delay that is waited after each Selenium command.</doc>
<status status="PASS" start="2026-01-02T21:41:43.419520" elapsed="0.000315"/>
</kw>
<test id="s1-t1" name="Test Validation Search page" line="18">
<kw name="Verify Search Page" owner="Keyword_Search_Page">
<if>
<branch type="IF" condition="'${isOpen}' == 'Y'">
<kw name="Open Login Page" owner="LoginKeword">
<kw name="Open Browser" owner="SeleniumLibrary">
<msg time="2026-01-02T21:41:43.421917" level="INFO">Opening browser 'gc' to base url 'https://automate-test.stpb-digital.com/user/list/'.</msg>
<arg>${url_web}</arg>
<arg>${browser_web}</arg>
<doc>Opens a new browser instance to the optional ``url``.</doc>
<status status="PASS" start="2026-01-02T21:41:43.421694" elapsed="1.914013"/>
</kw>
<kw name="Maximize Browser Window" owner="SeleniumLibrary">
<doc>Maximizes current browser window.</doc>
<status status="PASS" start="2026-01-02T21:41:45.335927" elapsed="0.063786"/>
</kw>
<arg>${url}</arg>
<doc>ใช้สำหรับเปิดเว็บไซต์</doc>
<status status="PASS" start="2026-01-02T21:41:43.421416" elapsed="1.978446"/>
</kw>
<kw name="Verify login Pass" owner="LoginKeword">
<kw name="Wait Until Element Is Visible" owner="SeleniumLibrary">
<arg>${locator_email}</arg>
<doc>Waits until the element ``locator`` is visible.</doc>
<status status="PASS" start="2026-01-02T21:41:45.400442" elapsed="0.181215"/>
</kw>
<kw name="Wait Until Element Is Visible" owner="SeleniumLibrary">
<arg>${locator_password}</arg>
<doc>Waits until the element ``locator`` is visible.</doc>
<status status="PASS" start="2026-01-02T21:41:45.581953" elapsed="0.120801"/>
</kw>
<kw name="Input Text" owner="SeleniumLibrary">
<msg time="2026-01-02T21:41:45.703253" level="INFO">Typing text 'user.test@krupbeam.com' into text field 'id=email'.</msg>
<arg>${locator_email}</arg>
<arg>user.test@krupbeam.com</arg>
<doc>Types the given ``text`` into the text field identified by ``locator``.</doc>
<status status="PASS" start="2026-01-02T21:41:45.702975" elapsed="0.325884"/>
</kw>
<kw name="Input Password" owner="SeleniumLibrary">
<msg time="2026-01-02T21:41:46.029769" level="INFO">Typing password into text field 'name=password'.</msg>
<msg time="2026-01-02T21:41:46.185345" level="INFO">Temporally setting log level to: NONE</msg>
<arg>${locator_password}</arg>
<arg>jKNsrapwLNV7eBN</arg>
<doc>Types the given password into the text field identified by ``locator``.</doc>
<status status="PASS" start="2026-01-02T21:41:46.029273" elapsed="0.317786"/>
</kw>
<kw name="Click Element" owner="SeleniumLibrary">
<msg time="2026-01-02T21:41:46.348149" level="INFO">Clicking element 'id=btn-login'.</msg>
<arg>${locator_btnLogin}</arg>
<doc>Click the element identified by ``locator``.</doc>
<status status="PASS" start="2026-01-02T21:41:46.347551" elapsed="0.253403"/>
</kw>
<kw name="Wait Until Page Contains" owner="SeleniumLibrary">
<arg>Search Filters</arg>
<arg>60s</arg>
<doc>Waits until ``text`` appears on the current page.</doc>
<status status="PASS" start="2026-01-02T21:41:46.601297" elapsed="0.215762"/>
</kw>
<doc>ใช้สำหรับ login ผ่าน</doc>
<status status="PASS" start="2026-01-02T21:41:45.400145" elapsed="1.417136"/>
</kw>
<kw name="Wait Until Page Contains" owner="SeleniumLibrary">
<arg>Search Filters</arg>
<arg>5s</arg>
<doc>Waits until ``text`` appears on the current page.</doc>
<status status="PASS" start="2026-01-02T21:41:46.817424" elapsed="0.058538"/>
</kw>
<status status="PASS" start="2026-01-02T21:41:43.421165" elapsed="3.454946"/>
</branch>
<status status="PASS" start="2026-01-02T21:41:43.421138" elapsed="3.455071"/>
</if>
<if>
<branch type="IF" condition="$all_list_select_dropdown">
<for flavor="IN">
<iter>
<kw name="Wait Until Element Is Visible" owner="SeleniumLibrary">
<arg>${each_dropdown.locator}</arg>
<doc>Waits until the element ``locator`` is visible.</doc>
<status status="PASS" start="2026-01-02T21:41:46.876814" elapsed="0.126673"/>
</kw>
<kw name="Click Element" owner="SeleniumLibrary">
<msg time="2026-01-02T21:41:47.006181" level="INFO">Clicking element 'id=select-role'.</msg>
<arg>${each_dropdown.locator}</arg>
<doc>Click the element identified by ``locator``.</doc>
<status status="PASS" start="2026-01-02T21:41:47.003875" elapsed="0.217646"/>
</kw>
<kw name="Scroll Element Into View" owner="SeleniumLibrary">
<arg>${each_dropdown.value}</arg>
<doc>Scrolls the element identified by ``locator`` into view.</doc>
<status status="PASS" start="2026-01-02T21:41:47.221920" elapsed="0.409711"/>
</kw>
<kw name="Click Element" owner="SeleniumLibrary">
<msg time="2026-01-02T21:41:47.634640" level="INFO">Clicking element 'id=option-select-role-1'.</msg>
<arg>${each_dropdown.value}</arg>
<doc>Click the element identified by ``locator``.</doc>
<status status="PASS" start="2026-01-02T21:41:47.632081" elapsed="0.247956"/>
</kw>
<var name="${each_dropdown}">{'locator': 'id=select-role', 'value': 'id=option-select-role-1'}</var>
<status status="PASS" start="2026-01-02T21:41:46.876696" elapsed="1.003444"/>
</iter>
<var>${each_dropdown}</var>
<value>@{all_list_select_dropdown}</value>
<status status="PASS" start="2026-01-02T21:41:46.876505" elapsed="1.003706"/>
</for>
<status status="PASS" start="2026-01-02T21:41:46.876331" elapsed="1.004040"/>
</branch>
<status status="PASS" start="2026-01-02T21:41:46.876305" elapsed="1.004157"/>
</if>
<if>
<branch type="IF" condition="'${isClear}' == 'Y'">
<kw name="Click Element" owner="SeleniumLibrary">
<msg time="2026-01-02T21:41:47.881505" level="INFO">Clicking element 'id=btn-clear'.</msg>
<arg>${clear_btn}</arg>
<doc>Click the element identified by ``locator``.</doc>
<status status="PASS" start="2026-01-02T21:41:47.881076" elapsed="0.409745"/>
</kw>
<kw name="Wait Until Page Contains" owner="SeleniumLibrary">
<arg>No rows</arg>
<doc>Waits until ``text`` appears on the current page.</doc>
<status status="PASS" start="2026-01-02T21:41:48.291209" elapsed="0.075494"/>
</kw>
<status status="PASS" start="2026-01-02T21:41:47.880614" elapsed="0.486269"/>
</branch>
<branch type="ELSE">
<kw name="Click Element" owner="SeleniumLibrary">
<arg>${search_btn}</arg>
<doc>Click the element identified by ``locator``.</doc>
<status status="NOT RUN" start="2026-01-02T21:41:48.367317" elapsed="0.000067"/>
</kw>
<if>
<branch type="IF" condition="$all_list_select_dropdown">
<kw name="Set Variable" owner="BuiltIn">
<var>${index}</var>
<arg>0</arg>
<doc>Returns the given values which can then be assigned to a variables.</doc>
<status status="NOT RUN" start="2026-01-02T21:41:48.367767" elapsed="0.000058"/>
</kw>
<for flavor="IN ZIP">
<iter>
<kw name="Wait Until Element Is Visible" owner="SeleniumLibrary">
<arg>${locator_data_grid}${index_row_table}${locator_data_grid}[${index}]</arg>
<doc>Waits until the element ``locator`` is visible.</doc>
<status status="NOT RUN" start="2026-01-02T21:41:48.368467" elapsed="0.000059"/>
</kw>
<kw name="Get Text" owner="SeleniumLibrary">
<var>${txt1}</var>
<arg>${locator_data_grid}${index_row_table}${locator_data_grid}[${index}]</arg>
<doc>Returns the text value of the element identified by ``locator``.</doc>
<status status="NOT RUN" start="2026-01-02T21:41:48.368711" elapsed="0.000056"/>
</kw>
<kw name="Get Text" owner="SeleniumLibrary">
<var>${txt2}</var>
<arg>${each_dropdown.locator}</arg>
<doc>Returns the text value of the element identified by ``locator``.</doc>
<status status="NOT RUN" start="2026-01-02T21:41:48.368942" elapsed="0.000051"/>
</kw>
<kw name="Should Be Equal As Strings" owner="BuiltIn">
<arg>${txt1}</arg>
<arg>${txt2}</arg>
<doc>Fails if objects are unequal after converting them to strings.</doc>
<status status="NOT RUN" start="2026-01-02T21:41:48.369188" elapsed="0.000096"/>
</kw>
<kw name="Evaluate" owner="BuiltIn">
<var>${index}</var>
<arg>${index}+1</arg>
<doc>Evaluates the given expression in Python and returns the result.</doc>
<status status="NOT RUN" start="2026-01-02T21:41:48.369484" elapsed="0.000054"/>
</kw>
<var name="${each_dropdown}"/>
<status status="NOT RUN" start="2026-01-02T21:41:48.368263" elapsed="0.001493"/>
</iter>
<var>${each_dropdown}</var>
<value>${all_list_select_dropdown}</value>
<status status="NOT RUN" start="2026-01-02T21:41:48.367981" elapsed="0.001884"/>
</for>
<status status="NOT RUN" start="2026-01-02T21:41:48.367545" elapsed="0.002431"/>
</branch>
<status status="NOT RUN" start="2026-01-02T21:41:48.367506" elapsed="0.002548"/>
</if>
<status status="NOT RUN" start="2026-01-02T21:41:48.367001" elapsed="0.003105"/>
</branch>
<status status="PASS" start="2026-01-02T21:41:47.880571" elapsed="0.489611"/>
</if>
<if>
<branch type="IF" condition="'${isClose}' == 'Y'">
<kw name="Close Browser" owner="SeleniumLibrary">
<doc>Closes the current browser.</doc>
<status status="NOT RUN" start="2026-01-02T21:41:48.370765" elapsed="0.000062"/>
</kw>
<status status="NOT RUN" start="2026-01-02T21:41:48.370351" elapsed="0.000552"/>
</branch>
<status status="PASS" start="2026-01-02T21:41:48.370311" elapsed="0.000676"/>
</if>
<arg>${list_dropdown_2}</arg>
<arg>${tables_data}</arg>
<arg>${index_first}</arg>
<arg>${locator_Btn_search}</arg>
<arg>${locator_Btn_clear}</arg>
<arg>Y</arg>
<arg>N</arg>
<arg>Y</arg>
<status status="PASS" start="2026-01-02T21:41:43.420733" elapsed="4.950379"/>
</kw>
<tag>Search</tag>
<status status="PASS" start="2026-01-02T21:41:43.420000" elapsed="4.951558"/>
</test>
<kw name="Close All Browsers" owner="SeleniumLibrary" type="TEARDOWN">
<doc>Closes all open browsers and resets the browser cache.</doc>
<status status="PASS" start="2026-01-02T21:41:48.372616" elapsed="0.153659"/>
</kw>
<status status="PASS" start="2026-01-02T21:41:43.269760" elapsed="5.256683"/>
</suite>
<statistics>
<total>
<stat pass="1" fail="0" skip="0">All Tests</stat>
</total>
<tag>
<stat pass="1" fail="0" skip="0">Search</stat>
</tag>
<suite>
<stat name="Testcase Search Page" id="s1" pass="1" fail="0" skip="0">Testcase Search Page</stat>
</suite>
</statistics>
<errors>
</errors>
</robot>
