<?xml version="1.0" encoding="UTF-8"?>
<robot generator="Robot 7.3.2 (Python 3.12.3 on linux)" generated="2025-12-17T17:19:59.391170" rpa="false" schemaversion="5">
<suite id="s1" name="LoginTestCase" source="/home/ethan-kenway/Test_Python/LoginPage/LoginTestCase.robot">
<test id="s1-t1" name="Verify Button Show Password" line="71">
<kw name="Verify Show Password" owner="LoginKeword">
<kw name="Open Login Page" owner="LoginKeword">
<kw name="Open Browser" owner="SeleniumLibrary">
<msg time="2025-12-17T17:19:59.561729" level="INFO">Opening browser 'gc' to base url 'https://automate-test.stpb-digital.com/login/'.</msg>
<arg>${url_web}</arg>
<arg>${browser_web}</arg>
<doc>Opens a new browser instance to the optional ``url``.</doc>
<status status="PASS" start="2025-12-17T17:19:59.561450" elapsed="13.739848"/>
</kw>
<kw name="Maximize Browser Window" owner="SeleniumLibrary">
<doc>Maximizes current browser window.</doc>
<status status="PASS" start="2025-12-17T17:20:13.301597" elapsed="0.107517"/>
</kw>
<arg>${url}</arg>
<doc>ใช้สำหรับเปิดเว็บไซต์</doc>
<status status="PASS" start="2025-12-17T17:19:59.560800" elapsed="13.848542"/>
</kw>
<kw name="Wait Until Element Is Visible" owner="SeleniumLibrary">
<arg>${locator_password}</arg>
<doc>Waits until the element ``locator`` is visible.</doc>
<status status="PASS" start="2025-12-17T17:20:13.409580" elapsed="0.029953"/>
</kw>
<kw name="Input Password" owner="SeleniumLibrary">
<msg time="2025-12-17T17:20:13.440003" level="INFO">Typing password into text field 'name=password'.</msg>
<msg time="2025-12-17T17:20:13.495399" level="INFO">Temporally setting log level to: NONE</msg>
<arg>${locator_password}</arg>
<arg>${password}</arg>
<doc>Types the given password into the text field identified by ``locator``.</doc>
<status status="PASS" start="2025-12-17T17:20:13.439722" elapsed="0.166898"/>
</kw>
<kw name="Click Element" owner="SeleniumLibrary">
<msg time="2025-12-17T17:20:13.607124" level="INFO">Clicking element 'xpath=//*[@id="__next"]/div[1]/div/div/div[2]/div/div/form/div[2]/div/div/button'.</msg>
<arg>${locator_blind_btn}</arg>
<doc>Click the element identified by ``locator``.</doc>
<status status="PASS" start="2025-12-17T17:20:13.606845" elapsed="0.113738"/>
</kw>
<kw name="Get Value" owner="SeleniumLibrary">
<msg time="2025-12-17T17:20:13.754295" level="INFO">${get_txt} = 1234</msg>
<var>${get_txt}</var>
<arg>${locator_password}</arg>
<doc>Returns the value attribute of the element identified by ``locator``.</doc>
<status status="PASS" start="2025-12-17T17:20:13.721520" elapsed="0.032836"/>
</kw>
<kw name="Should Be Equal As Strings" owner="BuiltIn">
<arg>${get_txt}</arg>
<arg>${password}</arg>
<doc>Fails if objects are unequal after converting them to strings.</doc>
<status status="PASS" start="2025-12-17T17:20:13.754574" elapsed="0.000288"/>
</kw>
<kw name="Close Browser" owner="SeleniumLibrary">
<doc>Closes the current browser.</doc>
<status status="PASS" start="2025-12-17T17:20:13.754983" elapsed="0.119020"/>
</kw>
<arg>1234</arg>
<doc>ใช้สำหรับตรวจสอบการมองเห็นของ password</doc>
<status status="PASS" start="2025-12-17T17:19:59.560439" elapsed="14.313818"/>
</kw>
<kw name="Verify Show Password" owner="LoginKeword">
<kw name="Open Login Page" owner="LoginKeword">
<kw name="Open Browser" owner="SeleniumLibrary">
<msg time="2025-12-17T17:20:13.878831" level="INFO">Opening browser 'gc' to base url 'https://automate-test.stpb-digital.com/login/'.</msg>
<arg>${url_web}</arg>
<arg>${browser_web}</arg>
<doc>Opens a new browser instance to the optional ``url``.</doc>
<status status="PASS" start="2025-12-17T17:20:13.878467" elapsed="1.614640"/>
</kw>
<kw name="Maximize Browser Window" owner="SeleniumLibrary">
<doc>Maximizes current browser window.</doc>
<status status="PASS" start="2025-12-17T17:20:15.493316" elapsed="0.114483"/>
</kw>
<arg>${url}</arg>
<doc>ใช้สำหรับเปิดเว็บไซต์</doc>
<status status="PASS" start="2025-12-17T17:20:13.876794" elapsed="1.731136"/>
</kw>
<kw name="Wait Until Element Is Visible" owner="SeleniumLibrary">
<arg>${locator_password}</arg>
<doc>Waits until the element ``locator`` is visible.</doc>
<status status="PASS" start="2025-12-17T17:20:15.608101" elapsed="0.029725"/>
</kw>
<kw name="Input Password" owner="SeleniumLibrary">
<msg time="2025-12-17T17:20:15.638653" level="INFO">Typing password into text field 'name=password'.</msg>
<msg time="2025-12-17T17:20:15.683620" level="INFO">Temporally setting log level to: NONE</msg>
<arg>${locator_password}</arg>
<arg>${password}</arg>
<doc>Types the given password into the text field identified by ``locator``.</doc>
<status status="PASS" start="2025-12-17T17:20:15.638231" elapsed="0.157647"/>
</kw>
<kw name="Click Element" owner="SeleniumLibrary">
<msg time="2025-12-17T17:20:15.796292" level="INFO">Clicking element 'xpath=//*[@id="__next"]/div[1]/div/div/div[2]/div/div/form/div[2]/div/div/button'.</msg>
<arg>${locator_blind_btn}</arg>
<doc>Click the element identified by ``locator``.</doc>
<status status="PASS" start="2025-12-17T17:20:15.796082" elapsed="0.113931"/>
</kw>
<kw name="Get Value" owner="SeleniumLibrary">
<msg time="2025-12-17T17:20:15.930862" level="INFO">${get_txt} = abcd</msg>
<var>${get_txt}</var>
<arg>${locator_password}</arg>
<doc>Returns the value attribute of the element identified by ``locator``.</doc>
<status status="PASS" start="2025-12-17T17:20:15.910283" elapsed="0.020625"/>
</kw>
<kw name="Should Be Equal As Strings" owner="BuiltIn">
<arg>${get_txt}</arg>
<arg>${password}</arg>
<doc>Fails if objects are unequal after converting them to strings.</doc>
<status status="PASS" start="2025-12-17T17:20:15.931077" elapsed="0.000198"/>
</kw>
<kw name="Close Browser" owner="SeleniumLibrary">
<doc>Closes the current browser.</doc>
<status status="PASS" start="2025-12-17T17:20:15.931354" elapsed="0.064402"/>
</kw>
<arg>abcd</arg>
<doc>ใช้สำหรับตรวจสอบการมองเห็นของ password</doc>
<status status="PASS" start="2025-12-17T17:20:13.875389" elapsed="2.120513"/>
</kw>
<kw name="Verify Show Password" owner="LoginKeword">
<kw name="Open Login Page" owner="LoginKeword">
<kw name="Open Browser" owner="SeleniumLibrary">
<msg time="2025-12-17T17:20:15.997209" level="INFO">Opening browser 'gc' to base url 'https://automate-test.stpb-digital.com/login/'.</msg>
<arg>${url_web}</arg>
<arg>${browser_web}</arg>
<doc>Opens a new browser instance to the optional ``url``.</doc>
<status status="PASS" start="2025-12-17T17:20:15.996988" elapsed="1.586729"/>
</kw>
<kw name="Maximize Browser Window" owner="SeleniumLibrary">
<doc>Maximizes current browser window.</doc>
<status status="PASS" start="2025-12-17T17:20:17.584059" elapsed="0.109120"/>
</kw>
<arg>${url}</arg>
<doc>ใช้สำหรับเปิดเว็บไซต์</doc>
<status status="PASS" start="2025-12-17T17:20:15.996677" elapsed="1.696648"/>
</kw>
<kw name="Wait Until Element Is Visible" owner="SeleniumLibrary">
<arg>${locator_password}</arg>
<doc>Waits until the element ``locator`` is visible.</doc>
<status status="PASS" start="2025-12-17T17:20:17.693495" elapsed="0.027192"/>
</kw>
<kw name="Input Password" owner="SeleniumLibrary">
<msg time="2025-12-17T17:20:17.721150" level="INFO">Typing password into text field 'name=password'.</msg>
<msg time="2025-12-17T17:20:17.790898" level="INFO">Temporally setting log level to: NONE</msg>
<arg>${locator_password}</arg>
<arg>${password}</arg>
<doc>Types the given password into the text field identified by ``locator``.</doc>
<status status="PASS" start="2025-12-17T17:20:17.720886" elapsed="0.162390"/>
</kw>
<kw name="Click Element" owner="SeleniumLibrary">
<msg time="2025-12-17T17:20:17.883670" level="INFO">Clicking element 'xpath=//*[@id="__next"]/div[1]/div/div/div[2]/div/div/form/div[2]/div/div/button'.</msg>
<arg>${locator_blind_btn}</arg>
<doc>Click the element identified by ``locator``.</doc>
<status status="PASS" start="2025-12-17T17:20:17.883459" elapsed="0.100161"/>
</kw>
<kw name="Get Value" owner="SeleniumLibrary">
<msg time="2025-12-17T17:20:18.001906" level="INFO">${get_txt} = efgh</msg>
<var>${get_txt}</var>
<arg>${locator_password}</arg>
<doc>Returns the value attribute of the element identified by ``locator``.</doc>
<status status="PASS" start="2025-12-17T17:20:17.983825" elapsed="0.018242"/>
</kw>
<kw name="Should Be Equal As Strings" owner="BuiltIn">
<arg>${get_txt}</arg>
<arg>${password}</arg>
<doc>Fails if objects are unequal after converting them to strings.</doc>
<status status="PASS" start="2025-12-17T17:20:18.002280" elapsed="0.000275"/>
</kw>
<kw name="Close Browser" owner="SeleniumLibrary">
<doc>Closes the current browser.</doc>
<status status="PASS" start="2025-12-17T17:20:18.002663" elapsed="0.063372"/>
</kw>
<arg>efgh</arg>
<doc>ใช้สำหรับตรวจสอบการมองเห็นของ password</doc>
<status status="PASS" start="2025-12-17T17:20:15.996256" elapsed="2.069940"/>
</kw>
<doc>ใช้สำหรับการตรวจสอบ Button Show Password</doc>
<tag>ShowPassword</tag>
<status status="PASS" start="2025-12-17T17:19:59.559407" elapsed="18.507144"/>
</test>
<status status="PASS" start="2025-12-17T17:19:59.392206" elapsed="18.674879"/>
</suite>
<statistics>
<total>
<stat pass="1" fail="0" skip="0">All Tests</stat>
</total>
<tag>
<stat pass="1" fail="0" skip="0">ShowPassword</stat>
</tag>
<suite>
<stat name="LoginTestCase" id="s1" pass="1" fail="0" skip="0">LoginTestCase</stat>
</suite>
</statistics>
<errors>
</errors>
</robot>
